<?xml version="1.0" encoding="UTF-8"?>
<!-- Generated by org.testng.reporters.JUnitXMLReporter -->
<testsuite ignored="0" hostname="DESKTOP-NJ63AOI" failures="2" tests="2" name="Test" time="35.911" errors="0" timestamp="2022-11-03T13:54:41 IST">
  <testcase classname="TestCases.verifySignup" name="signup" time="0.012">
    <failure type="java.lang.Error" message="Unresolved compilation problem: 
	Syntax error on token &amp;quot;}&amp;quot;, delete this token
">
      <![CDATA[java.lang.Error: Unresolved compilation problem: 
Syntax error on token "}", delete this token

at PageObjectModel.LoginPageObjects.<init>(LoginPageObjects.java:69)
at TestCases.verifySignup.signup(verifySignup.java:20)
at java.base/java.util.ArrayList.forEach(ArrayList.java:1511)
... Removed 27 stack frames]]>
    </failure>
  </testcase> <!-- signup -->
  <testcase classname="TestCases.VerifyLogin" name="login" time="0.003">
    <failure type="java.lang.Error" message="Unresolved compilation problem: 
	Syntax error on token &amp;quot;}&amp;quot;, delete this token
">
      <![CDATA[java.lang.Error: Unresolved compilation problem: 
Syntax error on token "}", delete this token

at PageObjectModel.LoginPageObjects.<init>(LoginPageObjects.java:69)
at TestCases.VerifyLogin.login(VerifyLogin.java:22)
at java.base/java.util.ArrayList.forEach(ArrayList.java:1511)
... Removed 27 stack frames]]>
    </failure>
  </testcase> <!-- login -->
</testsuite> <!-- Test -->
